INFO:root:Добавлен предмет: Математика, at 2024-03-11 23:25:25.758237
INFO:root:Добавлен предмет: Физика, at 2024-03-11 23:25:25.758237
INFO:root:Добавлен предмет: История, at 2024-03-11 23:25:25.758237
INFO:root:Добавлен предмет: Литература, at 2024-03-11 23:25:25.758237
INFO:root:Инициация экземпляра студента: Степан Геннадьевич, at 2024-03-11 23:25:25.759288
INFO:root:Предмету Математика Добавлена оценка: 5, at 2024-03-11 23:25:25.759288
INFO:root:Добавлен предмет: Математика, at 2024-03-11 23:25:25.760260
INFO:root:Добавлен предмет: Физика, at 2024-03-11 23:25:25.760260
INFO:root:Добавлен предмет: История, at 2024-03-11 23:25:25.760260
INFO:root:Добавлен предмет: Литература, at 2024-03-11 23:25:25.760260
INFO:root:Инициация экземпляра студента: Степан Геннадьевич, at 2024-03-11 23:25:25.760260
INFO:root:Предмету Математика Добавлена оценка: 5, at 2024-03-11 23:25:25.760260
ERROR:root:Попытка добавить неприемлемую оценку 1000000 предмету Математика
INFO:root:Добавлен предмет: Математика, at 2024-03-11 23:25:25.761259
INFO:root:Добавлен предмет: Физика, at 2024-03-11 23:25:25.761259
INFO:root:Добавлен предмет: История, at 2024-03-11 23:25:25.761259
INFO:root:Добавлен предмет: Литература, at 2024-03-11 23:25:25.761259
INFO:root:Инициация экземпляра студента: Степан Геннадьевич, at 2024-03-11 23:25:25.761259
INFO:root:Предмету Математика Добавлена оценка: 5, at 2024-03-11 23:25:25.761259
INFO:root:Добавлен предмет: Математика, at 2024-03-11 23:25:25.762575
INFO:root:Добавлен предмет: Физика, at 2024-03-11 23:25:25.762575
INFO:root:Добавлен предмет: История, at 2024-03-11 23:25:25.762575
INFO:root:Добавлен предмет: Литература, at 2024-03-11 23:25:25.762575
INFO:root:Инициация экземпляра студента: Степан Геннадьевич, at 2024-03-11 23:25:25.762575
INFO:root:Предмету Математика Добавлена оценка: 5, at 2024-03-11 23:25:25.762575
INFO:root:Средняя оценка: 5.0, at 2024-03-11 23:25:25.762575
